<?xml version="1.0" encoding="UTF-8"?>
<!-- Generated by org.testng.reporters.JUnitReportReporter -->
<testsuite hostname="DESKTOP-BIG2IKD" failures="0" tests="1" name="tests.LoginTest" time="13.650" errors="0" timestamp="2023-02-23T16:24:28 IST" skipped="0">
  <testcase classname="tests.LoginTest" name="login" time="13.650"/>
  <system-out/>
</testsuite> <!-- tests.LoginTest -->
